<?xml version="1.0" encoding="UTF-8"?>
<testng-results skipped="0" failed="0" ignored="0" total="1" passed="1">
  <reporter-output>
  </reporter-output>
  <suite name="Default suite" duration-ms="12150" started-at="2017-11-05T15:18:55Z" finished-at="2017-11-05T15:19:07Z">
    <groups>
    </groups>
    <test name="Default test" duration-ms="12150" started-at="2017-11-05T15:18:55Z" finished-at="2017-11-05T15:19:07Z">
      <class name="com.test.Login">
        <test-method status="PASS" signature="startReport()[pri:0, instance:com.test.Login@3bfdc050]" name="startReport" is-config="true" duration-ms="3539" started-at="2017-11-05T20:48:51Z" finished-at="2017-11-05T20:48:55Z">
          <reporter-output>
          </reporter-output>
        </test-method> <!-- startReport -->
        <test-method status="PASS" signature="login()[pri:0, instance:com.test.Login@3bfdc050]" name="login" duration-ms="12132" started-at="2017-11-05T20:48:55Z" finished-at="2017-11-05T20:49:07Z">
          <reporter-output>
          </reporter-output>
        </test-method> <!-- login -->
        <test-method status="PASS" signature="afterSuite()[pri:0, instance:com.test.Login@3bfdc050]" name="afterSuite" is-config="true" duration-ms="1306" started-at="2017-11-05T20:49:07Z" finished-at="2017-11-05T20:49:08Z">
          <reporter-output>
          </reporter-output>
        </test-method> <!-- afterSuite -->
      </class> <!-- com.test.Login -->
    </test> <!-- Default test -->
  </suite> <!-- Default suite -->
</testng-results>
