<?xml version="1.0" encoding="UTF-8"?>
<testng-results skipped="0" failed="0" ignored="0" total="1" passed="1">
  <reporter-output>
  </reporter-output>
  <suite name="Default suite" duration-ms="12998" started-at="2017-11-05T14:18:16Z" finished-at="2017-11-05T14:18:29Z">
    <groups>
    </groups>
    <test name="Default test" duration-ms="12998" started-at="2017-11-05T14:18:16Z" finished-at="2017-11-05T14:18:29Z">
      <class name="com.test.Login">
        <test-method status="PASS" signature="startReport()[pri:0, instance:com.test.Login@3bfdc050]" name="startReport" is-config="true" duration-ms="3720" started-at="2017-11-05T19:48:12Z" finished-at="2017-11-05T19:48:16Z">
          <reporter-output>
          </reporter-output>
        </test-method> <!-- startReport -->
        <test-method status="PASS" signature="login()[pri:0, instance:com.test.Login@3bfdc050]" name="login" duration-ms="12972" started-at="2017-11-05T19:48:16Z" finished-at="2017-11-05T19:48:29Z">
          <reporter-output>
          </reporter-output>
        </test-method> <!-- login -->
        <test-method status="PASS" signature="afterSuite()[pri:0, instance:com.test.Login@3bfdc050]" name="afterSuite" is-config="true" duration-ms="1324" started-at="2017-11-05T19:48:29Z" finished-at="2017-11-05T19:48:30Z">
          <reporter-output>
          </reporter-output>
        </test-method> <!-- afterSuite -->
      </class> <!-- com.test.Login -->
    </test> <!-- Default test -->
  </suite> <!-- Default suite -->
</testng-results>
